<?xml version="1.0" encoding="UTF-8"?>
<testsuites name="FLC - ALL - Notify Me" time="52.92" tests="1" failures="0" errors="0">
   <testsuite name="FLC - ALL - Notify Me" tests="1" failures="0" errors="0" time="52.92" skipped="0" timestamp="2022-06-15 09:32:48" hostname="nhu.tqnguyen - localhost" id="Test Suites/FLC - ALL - Notify Me">
      <properties>
[...]
</properties>
      <testcase name="Test Cases/FLC/Notify Me/JP - Notify Me" time="52.669" classname="Test Cases/FLC/Notify Me/JP - Notify Me" status="PASSED">
         <system-out><![CDATA[2022-06-15 09:32:48 - [TEST_CASE][PASSED] - Test Cases/FLC/Notify Me/JP - Notify Me: Test Cases/FLC/Notify Me/JP - Notify Me

2022-06-15 09:32:49 - [TEST_STEP][PASSED] - openBrowser(""): Browser is opened with url: ''

2022-06-15 09:32:49 - [MESSAGE][INFO] - User set preference: ['os', 'linux']

2022-06-15 09:32:49 - [MESSAGE][INFO] - User set preference: ['browserName', 'chrome']

2022-06-15 09:32:49 - [MESSAGE][INFO] - User set preference: ['browserVersion', '98']

2022-06-15 09:32:49 - [MESSAGE][INFO] - User set preference: ['katalon:option', '{organizationId=701936, tunnelId=, usingTunnel=false}']

2022-06-15 09:32:49 - [MESSAGE][INFO] - Connecting to remote web server 'testcloud.katalon.com/hub' with type 'Selenium'

2022-06-15 09:32:49 - [MESSAGE][INFO] - Action delay is set to 0 milliseconds

2022-06-15 09:33:14 - [MESSAGE][PASSED] - Browser is opened with url: ''

2022-06-15 09:33:14 - [TEST_STEP][PASSED] - maximizeWindow(): Current window maximized

2022-06-15 09:33:14 - [MESSAGE][PASSED] - Current window maximized

2022-06-15 09:33:14 - [TEST_STEP][PASSED] - RN = Math.random() * 10000000: null

2022-06-15 09:33:14 - [TEST_STEP][PASSED] - locale = "jp": null

2022-06-15 09:33:14 - [TEST_STEP][PASSED] - brand = "FLC": null

2022-06-15 09:33:14 - [TEST_STEP][PASSED] - email = "testMail" + RN + "@yopmail.com": null

2022-06-15 09:33:14 - [TEST_STEP][PASSED] - navigateToUrl("https://storefront:may2019@test.falconeri.com/jp/product/basic-baumwollhose-UPL0004.html?dwvar_UPL0004_Z_COL_FALCU=8493"): Navigate to 'https://storefront:may2019@test.falconeri.com/jp/product/basic-baumwollhose-UPL0004.html?dwvar_UPL0004_Z_COL_FALCU=8493' successfully

2022-06-15 09:33:20 - [MESSAGE][PASSED] - Navigate to 'https://storefront:may2019@test.falconeri.com/jp/product/basic-baumwollhose-UPL0004.html?dwvar_UPL0004_Z_COL_FALCU=8493' successfully

2022-06-15 09:33:20 - [TEST_STEP][PASSED] - enhancedClick(findTestObject("FLC/AT/Page_Basic-Baumwollhose - Homewear  Falconeri/div_XXXXL")): Object: 'Object Repository/FLC/AT/Page_Basic-Baumwollhose - Homewear  Falconeri/div_XXXXL' is clicked on

2022-06-15 09:33:23 - [MESSAGE][PASSED] - Object: 'Object Repository/FLC/AT/Page_Basic-Baumwollhose - Homewear  Falconeri/div_XXXXL' is clicked on

2022-06-15 09:33:23 - [TEST_STEP][PASSED] - waitForElementVisible(findTestObject("Object Repository/FLC/DE/Page_Jacke Aus Cashmere Ultralight - Cardig_bdd78b/input_DML261G_emailNotify"), 10): Object 'Object Repository/FLC/DE/Page_Jacke Aus Cashmere Ultralight - Cardig_bdd78b/input_DML261G_emailNotify' is visible

2022-06-15 09:33:26 - [MESSAGE][PASSED] - Object 'Object Repository/FLC/DE/Page_Jacke Aus Cashmere Ultralight - Cardig_bdd78b/input_DML261G_emailNotify' is visible

2022-06-15 09:33:26 - [TEST_STEP][PASSED] - setText(findTestObject("Object Repository/FLC/DE/Page_Jacke Aus Cashmere Ultralight - Cardig_bdd78b/input_DML261G_emailNotify"), email): Text 'testMail3175646@yopmail.com' is set on object 'Object Repository/FLC/DE/Page_Jacke Aus Cashmere Ultralight - Cardig_bdd78b/input_DML261G_emailNotify'

2022-06-15 09:33:32 - [MESSAGE][PASSED] - Text 'testMail3175646@yopmail.com' is set on object 'Object Repository/FLC/DE/Page_Jacke Aus Cashmere Ultralight - Cardig_bdd78b/input_DML261G_emailNotify'

2022-06-15 09:33:32 - [TEST_STEP][PASSED] - enhancedClick(findTestObject("FLC/Universal/notifyMeButton")): Object: 'Object Repository/FLC/Universal/notifyMeButton' is clicked on

2022-06-15 09:33:41 - [MESSAGE][PASSED] - Object: 'Object Repository/FLC/Universal/notifyMeButton' is clicked on]]></system-out>
         <system-err><![CDATA[]]></system-err>
      </testcase>
      <system-out><![CDATA[2022-06-15 09:32:48 - [TEST_SUITE][PASSED] - FLC - ALL - Notify Me: Test Cases/FLC/Notify Me/JP - Notify Me]]></system-out>
      <system-err><![CDATA[]]></system-err>
   </testsuite>
</testsuites>
